============================= test session starts ==============================
platform linux -- Python 3.12.3, pytest-8.4.1, pluggy-1.6.0 -- /home/wowyuarm/projects/NEXUS/.venv/bin/python3
cachedir: .pytest_cache
rootdir: /home/wowyuarm/projects/NEXUS
plugins: asyncio-1.1.0, anyio-4.10.0, mock-3.14.1
asyncio: mode=Mode.STRICT, asyncio_default_fixture_loop_scope=None, asyncio_default_test_loop_scope=function
collecting ... collected 2 items

tests/e2e/test_full_interaction_flow.py::test_tool_call_interaction PASSED [ 50%]
tests/e2e/test_full_interaction_flow.py::test_multiple_messages PASSED   [100%]

============================== 2 passed in 15.22s ==============================
